<?xml version="1.0" encoding="UTF-8"?>
<!-- Generated by org.testng.reporters.JUnitXMLReporter -->
<testsuite ignored="0" hostname="mekbuk.local" failures="0" tests="7" name="End To End Test" time="36.162" errors="0" timestamp="2026-04-01T17:07:38 WIB">
  <testcase classname="com.juaracoding.syafiq.LoginTest" name="testLoginEmptyField" time="2.154"/>
  <testcase classname="com.juaracoding.syafiq.LoginTest" name="testLoginSuccessful" time="5.257"/>
  <testcase classname="com.juaracoding.syafiq.CartTest" name="testAddToCart" time="5.355"/>
  <testcase classname="com.juaracoding.syafiq.CartTest" name="testCheckCart" time="8.127"/>
  <testcase classname="com.juaracoding.syafiq.CheckoutTest" name="testEmptyInformation" time="8.156"/>
  <testcase classname="com.juaracoding.syafiq.CheckoutTest" name="testCheckoutInformation" time="1.162"/>
  <testcase classname="com.juaracoding.syafiq.CheckoutTest" name="testFinishCheckout" time="2.037"/>
</testsuite> <!-- End To End Test -->
