<?xml version="1.0" encoding="UTF-8"?>
<testng-results ignored="0" total="7" passed="7" failed="0" skipped="0">
  <reporter-output>
  </reporter-output>
  <suite started-at="2026-04-01T17:07:02 WIB" name="SauceDemo Suite" finished-at="2026-04-01T17:07:38 WIB" duration-ms="36162">
    <groups>
    </groups>
    <test started-at="2026-04-01T17:07:02 WIB" name="End To End Test" finished-at="2026-04-01T17:07:38 WIB" duration-ms="36162">
      <class name="com.juaracoding.syafiq.CheckoutTest">
        <test-method signature="testEmptyInformation()[pri:5, instance:com.juaracoding.syafiq.CheckoutTest@25d250c6]" started-at="2026-04-01T17:07:26 WIB" name="testEmptyInformation" finished-at="2026-04-01T17:07:34 WIB" duration-ms="8156" status="PASS">
          <reporter-output>
          </reporter-output>
        </test-method> <!-- testEmptyInformation -->
        <test-method signature="testCheckoutInformation()[pri:6, instance:com.juaracoding.syafiq.CheckoutTest@25d250c6]" started-at="2026-04-01T17:07:34 WIB" name="testCheckoutInformation" finished-at="2026-04-01T17:07:35 WIB" duration-ms="1162" status="PASS">
          <reporter-output>
          </reporter-output>
        </test-method> <!-- testCheckoutInformation -->
        <test-method signature="testFinishCheckout()[pri:7, instance:com.juaracoding.syafiq.CheckoutTest@25d250c6]" started-at="2026-04-01T17:07:35 WIB" name="testFinishCheckout" finished-at="2026-04-01T17:07:37 WIB" duration-ms="2037" status="PASS">
          <reporter-output>
          </reporter-output>
        </test-method> <!-- testFinishCheckout -->
        <test-method is-config="true" signature="tearDown()[pri:0, instance:com.juaracoding.syafiq.CheckoutTest@25d250c6]" started-at="2026-04-01T17:07:37 WIB" name="tearDown" finished-at="2026-04-01T17:07:38 WIB" duration-ms="1446" status="PASS">
          <reporter-output>
          </reporter-output>
        </test-method> <!-- tearDown -->
      </class> <!-- com.juaracoding.syafiq.CheckoutTest -->
      <class name="com.juaracoding.syafiq.CartTest">
        <test-method signature="testAddToCart()[pri:3, instance:com.juaracoding.syafiq.CartTest@45b9a632]" started-at="2026-04-01T17:07:12 WIB" name="testAddToCart" finished-at="2026-04-01T17:07:17 WIB" duration-ms="5355" status="PASS">
          <reporter-output>
          </reporter-output>
        </test-method> <!-- testAddToCart -->
        <test-method signature="testCheckCart()[pri:4, instance:com.juaracoding.syafiq.CartTest@45b9a632]" started-at="2026-04-01T17:07:17 WIB" name="testCheckCart" finished-at="2026-04-01T17:07:26 WIB" duration-ms="8127" status="PASS">
          <reporter-output>
          </reporter-output>
        </test-method> <!-- testCheckCart -->
      </class> <!-- com.juaracoding.syafiq.CartTest -->
      <class name="com.juaracoding.syafiq.LoginTest">
        <test-method is-config="true" signature="setUp()[pri:0, instance:com.juaracoding.syafiq.LoginTest@7a4ccb53]" started-at="2026-04-01T17:07:02 WIB" name="setUp" finished-at="2026-04-01T17:07:05 WIB" duration-ms="2414" status="PASS">
          <reporter-output>
          </reporter-output>
        </test-method> <!-- setUp -->
        <test-method signature="testLoginEmptyField()[pri:1, instance:com.juaracoding.syafiq.LoginTest@7a4ccb53]" started-at="2026-04-01T17:07:05 WIB" name="testLoginEmptyField" finished-at="2026-04-01T17:07:07 WIB" duration-ms="2154" status="PASS">
          <reporter-output>
          </reporter-output>
        </test-method> <!-- testLoginEmptyField -->
        <test-method signature="testLoginSuccessful()[pri:2, instance:com.juaracoding.syafiq.LoginTest@7a4ccb53]" started-at="2026-04-01T17:07:07 WIB" name="testLoginSuccessful" finished-at="2026-04-01T17:07:12 WIB" duration-ms="5257" status="PASS">
          <reporter-output>
          </reporter-output>
        </test-method> <!-- testLoginSuccessful -->
      </class> <!-- com.juaracoding.syafiq.LoginTest -->
    </test> <!-- End To End Test -->
  </suite> <!-- SauceDemo Suite -->
</testng-results>
