<?xml version="1.0" encoding="UTF-8"?>
<testsuite xmlns:xsi="http://www.w3.org/2001/XMLSchema-instance" xsi:noNamespaceSchemaLocation="https://maven.apache.org/surefire/maven-surefire-plugin/xsd/surefire-test-report.xsd" version="3.0.2" name="TestSuite" time="36.346" tests="7" errors="0" skipped="0" failures="0">
  <properties>
[...]
</properties>
  <testcase name="testLoginEmptyField" classname="com.juaracoding.syafiq.LoginTest" time="2.159">
    <system-err><![CDATA[SLF4J(W): No SLF4J providers were found.
SLF4J(W): Defaulting to no-operation (NOP) logger implementation
SLF4J(W): See https://www.slf4j.org/codes.html#noProviders for further details.
Apr 01, 2026 5:07:04 PM org.openqa.selenium.devtools.CdpVersionFinder findNearestMatch
WARNING: Unable to find an exact match for CDP version 146, returning the closest version; found: 145; Please update to a Selenium version that supports CDP version 146
]]></system-err>
  </testcase>
  <testcase name="testLoginSuccessful" classname="com.juaracoding.syafiq.LoginTest" time="5.259">
    <system-out><![CDATA[STEP: Running Positive Login Test
Dashboard Text: Products
]]></system-out>
  </testcase>
  <testcase name="testAddToCart" classname="com.juaracoding.syafiq.CartTest" time="5.356">
    <system-out><![CDATA[STEP: Menambahkan produk (Melanjutkan sesi Login)
]]></system-out>
  </testcase>
  <testcase name="testCheckCart" classname="com.juaracoding.syafiq.CartTest" time="8.127"/>
  <testcase name="testEmptyInformation" classname="com.juaracoding.syafiq.CheckoutTest" time="8.158">
    <system-out><![CDATA[STEP: Negative Test - Checkout field kosong
Error Text: Error: First Name is required
]]></system-out>
  </testcase>
  <testcase name="testCheckoutInformation" classname="com.juaracoding.syafiq.CheckoutTest" time="1.161">
    <system-out><![CDATA[STEP: Mengisi informasi checkout
]]></system-out>
  </testcase>
  <testcase name="testFinishCheckout" classname="com.juaracoding.syafiq.CheckoutTest" time="2.038">
    <system-out><![CDATA[STEP: Menyelesaikan pesanan
]]></system-out>
  </testcase>
</testsuite>