<?xml version="1.0" encoding="UTF-8"?>
<!-- Generated by org.testng.reporters.JUnitReportReporter -->
<testsuite hostname="mekbuk.local" failures="0" tests="3" name="com.juaracoding.syafiq.CheckoutTest" time="11.355" errors="0" timestamp="2026-04-01T17:07:38 WIB" skipped="0">
  <testcase classname="com.juaracoding.syafiq.CheckoutTest" name="testEmptyInformation" time="8.156"/>
  <testcase classname="com.juaracoding.syafiq.CheckoutTest" name="testCheckoutInformation" time="1.162"/>
  <testcase classname="com.juaracoding.syafiq.CheckoutTest" name="testFinishCheckout" time="2.037"/>
</testsuite> <!-- com.juaracoding.syafiq.CheckoutTest -->
