<?xml version="1.0" encoding="UTF-8"?>
<!-- Generated by org.testng.reporters.JUnitReportReporter -->
<testsuite hostname="mekbuk.local" failures="0" tests="2" name="com.juaracoding.syafiq.LoginTest" time="7.411" errors="0" timestamp="2026-04-01T17:07:38 WIB" skipped="0">
  <testcase classname="com.juaracoding.syafiq.LoginTest" name="testLoginEmptyField" time="2.154"/>
  <testcase classname="com.juaracoding.syafiq.LoginTest" name="testLoginSuccessful" time="5.257"/>
</testsuite> <!-- com.juaracoding.syafiq.LoginTest -->
