<?xml version="1.0" encoding="UTF-8"?>
<!-- Generated by org.testng.reporters.JUnitReportReporter -->
<testsuite hostname="mekbuk.local" failures="0" tests="2" name="com.juaracoding.syafiq.CartTest" time="13.482" errors="0" timestamp="2026-04-01T17:07:38 WIB" skipped="0">
  <testcase classname="com.juaracoding.syafiq.CartTest" name="testAddToCart" time="5.355"/>
  <testcase classname="com.juaracoding.syafiq.CartTest" name="testCheckCart" time="8.127"/>
</testsuite> <!-- com.juaracoding.syafiq.CartTest -->
